Loading required package: igraph

Attaching package: 'igraph'

The following objects are masked from 'package:stats':

    decompose, spectrum

The following object is masked from 'package:base':

    union

Loading required package: reticulate
Loading required package: pandaR
Loading required package: Biobase
Loading required package: BiocGenerics

Attaching package: 'BiocGenerics'

The following objects are masked from 'package:igraph':

    normalize, path, union

The following objects are masked from 'package:stats':

    IQR, mad, sd, var, xtabs

The following objects are masked from 'package:base':

    Filter, Find, Map, Position, Reduce, anyDuplicated, aperm, append,
    as.data.frame, basename, cbind, colnames, dirname, do.call,
    duplicated, eval, evalq, get, grep, grepl, intersect, is.unsorted,
    lapply, mapply, match, mget, order, paste, pmax, pmax.int, pmin,
    pmin.int, rank, rbind, rownames, sapply, setdiff, sort, table,
    tapply, union, unique, unsplit, which.max, which.min

Welcome to Bioconductor

    Vignettes contain introductory material; view with
    'browseVignettes()'. To cite Bioconductor, see
    'citation("Biobase")', and for packages 'citation("pkgname")'.

Loading required package: yarn
Setting options('download.file.method.GEOquery'='auto')
Setting options('GEOquery.inmemory.gpl'=FALSE)
Loading required package: matrixcalc

Attaching package: 'matrixcalc'

The following object is masked from 'package:igraph':

    %s%



Iteration0: hamming distance =3.94854
Iteration1: hamming distance =0.95732
Iteration2: hamming distance =0.77227
Iteration3: hamming distance =0.69723
Iteration4: hamming distance =0.64045
Iteration5: hamming distance =0.58651
Iteration6: hamming distance =0.5326
Iteration7: hamming distance =0.479
Iteration8: hamming distance =0.42679
Iteration9: hamming distance =0.37702
Iteration10: hamming distance =0.33049
Iteration11: hamming distance =0.28773
Iteration12: hamming distance =0.24899
Iteration13: hamming distance =0.21431
Iteration14: hamming distance =0.1836
Iteration15: hamming distance =0.15663
Iteration16: hamming distance =0.13312
Iteration17: hamming distance =0.11276
Iteration18: hamming distance =0.09523
Iteration19: hamming distance =0.08021
Iteration20: hamming distance =0.06739
Iteration21: hamming distance =0.0565
Iteration22: hamming distance =0.04727
Iteration23: hamming distance =0.03948
Iteration24: hamming distance =0.03291
Iteration25: hamming distance =0.0274
Iteration26: hamming distance =0.02277
Iteration27: hamming distance =0.01891
Iteration28: hamming distance =0.01568
Iteration29: hamming distance =0.01298
Iteration30: hamming distance =0.01074
Iteration31: hamming distance =0.00888
Iteration32: hamming distance =0.00734
Iteration33: hamming distance =0.00605
Iteration34: hamming distance =0.00499
Iteration35: hamming distance =0.00412
Iteration36: hamming distance =0.00339
Iteration37: hamming distance =0.00279
Iteration38: hamming distance =0.0023
Iteration39: hamming distance =0.00189
Iteration40: hamming distance =0.00155
Iteration41: hamming distance =0.00128
Iteration42: hamming distance =0.00105
Iteration43: hamming distance =0.00086
Successfully ran PANDA on 19750 Genes and 695 TFs.
Time elapsed:2450.72seconds.
Warning messages:
1: In cor(t(expr), method = cor.method, use = "pairwise.complete.obs") :
  the standard deviation is zero
2: In panda(expr = expression, ppi = ppi, motif = motif, progress = TRUE,  :
  Duplicate edges have been found in the motif data. Weights will be summed.
