Loading required package: igraph

Attaching package: 'igraph'

The following objects are masked from 'package:stats':

    decompose, spectrum

The following object is masked from 'package:base':

    union

Loading required package: reticulate
Loading required package: pandaR
Loading required package: Biobase
Loading required package: BiocGenerics

Attaching package: 'BiocGenerics'

The following objects are masked from 'package:igraph':

    normalize, path, union

The following objects are masked from 'package:stats':

    IQR, mad, sd, var, xtabs

The following objects are masked from 'package:base':

    Filter, Find, Map, Position, Reduce, anyDuplicated, aperm, append,
    as.data.frame, basename, cbind, colnames, dirname, do.call,
    duplicated, eval, evalq, get, grep, grepl, intersect, is.unsorted,
    lapply, mapply, match, mget, order, paste, pmax, pmax.int, pmin,
    pmin.int, rank, rbind, rownames, sapply, setdiff, sort, table,
    tapply, union, unique, unsplit, which.max, which.min

Welcome to Bioconductor

    Vignettes contain introductory material; view with
    'browseVignettes()'. To cite Bioconductor, see
    'citation("Biobase")', and for packages 'citation("pkgname")'.

Loading required package: yarn
Setting options('download.file.method.GEOquery'='auto')
Setting options('GEOquery.inmemory.gpl'=FALSE)
Loading required package: matrixcalc

Attaching package: 'matrixcalc'

The following object is masked from 'package:igraph':

    %s%



Iteration0: hamming distance =3.7679
Iteration1: hamming distance =0.86804
Iteration2: hamming distance =0.71122
Iteration3: hamming distance =0.64673
Iteration4: hamming distance =0.59662
Iteration5: hamming distance =0.54802
Iteration6: hamming distance =0.49877
Iteration7: hamming distance =0.44937
Iteration8: hamming distance =0.40095
Iteration9: hamming distance =0.35458
Iteration10: hamming distance =0.3111
Iteration11: hamming distance =0.27104
Iteration12: hamming distance =0.23468
Iteration13: hamming distance =0.20209
Iteration14: hamming distance =0.1732
Iteration15: hamming distance =0.1478
Iteration16: hamming distance =0.12565
Iteration17: hamming distance =0.10646
Iteration18: hamming distance =0.08993
Iteration19: hamming distance =0.07576
Iteration20: hamming distance =0.06366
Iteration21: hamming distance =0.05338
Iteration22: hamming distance =0.04466
Iteration23: hamming distance =0.0373
Iteration24: hamming distance =0.0311
Iteration25: hamming distance =0.02589
Iteration26: hamming distance =0.02153
Iteration27: hamming distance =0.01787
Iteration28: hamming distance =0.01482
Iteration29: hamming distance =0.01228
Iteration30: hamming distance =0.01016
Iteration31: hamming distance =0.0084
Iteration32: hamming distance =0.00694
Iteration33: hamming distance =0.00573
Iteration34: hamming distance =0.00472
Iteration35: hamming distance =0.00389
Iteration36: hamming distance =0.00321
Iteration37: hamming distance =0.00264
Iteration38: hamming distance =0.00217
Iteration39: hamming distance =0.00179
Iteration40: hamming distance =0.00147
Iteration41: hamming distance =0.00121
Iteration42: hamming distance =0.00099
Successfully ran PANDA on 19750 Genes and 695 TFs.
Time elapsed:2270.62seconds.
Warning messages:
1: In cor(t(expr), method = cor.method, use = "pairwise.complete.obs") :
  the standard deviation is zero
2: In panda(expr = expression, ppi = ppi, motif = motif, progress = TRUE,  :
  Duplicate edges have been found in the motif data. Weights will be summed.
