Loading required package: igraph

Attaching package: 'igraph'

The following objects are masked from 'package:stats':

    decompose, spectrum

The following object is masked from 'package:base':

    union

Loading required package: reticulate
Loading required package: pandaR
Loading required package: Biobase
Loading required package: BiocGenerics

Attaching package: 'BiocGenerics'

The following objects are masked from 'package:igraph':

    normalize, path, union

The following objects are masked from 'package:stats':

    IQR, mad, sd, var, xtabs

The following objects are masked from 'package:base':

    Filter, Find, Map, Position, Reduce, anyDuplicated, aperm, append,
    as.data.frame, basename, cbind, colnames, dirname, do.call,
    duplicated, eval, evalq, get, grep, grepl, intersect, is.unsorted,
    lapply, mapply, match, mget, order, paste, pmax, pmax.int, pmin,
    pmin.int, rank, rbind, rownames, sapply, setdiff, sort, table,
    tapply, union, unique, unsplit, which.max, which.min

Welcome to Bioconductor

    Vignettes contain introductory material; view with
    'browseVignettes()'. To cite Bioconductor, see
    'citation("Biobase")', and for packages 'citation("pkgname")'.

Loading required package: yarn
Setting options('download.file.method.GEOquery'='auto')
Setting options('GEOquery.inmemory.gpl'=FALSE)
Loading required package: matrixcalc

Attaching package: 'matrixcalc'

The following object is masked from 'package:igraph':

    %s%



Iteration0: hamming distance =4.49598
Iteration1: hamming distance =1.04903
Iteration2: hamming distance =0.87129
Iteration3: hamming distance =0.79647
Iteration4: hamming distance =0.7365
Iteration5: hamming distance =0.67734
Iteration6: hamming distance =0.61692
Iteration7: hamming distance =0.55611
Iteration8: hamming distance =0.49639
Iteration9: hamming distance =0.43914
Iteration10: hamming distance =0.38541
Iteration11: hamming distance =0.33588
Iteration12: hamming distance =0.2909
Iteration13: hamming distance =0.25057
Iteration14: hamming distance =0.21478
Iteration15: hamming distance =0.18332
Iteration16: hamming distance =0.15587
Iteration17: hamming distance =0.13208
Iteration18: hamming distance =0.11158
Iteration19: hamming distance =0.094
Iteration20: hamming distance =0.079
Iteration21: hamming distance =0.06624
Iteration22: hamming distance =0.05542
Iteration23: hamming distance =0.04629
Iteration24: hamming distance =0.03859
Iteration25: hamming distance =0.03213
Iteration26: hamming distance =0.02671
Iteration27: hamming distance =0.02217
Iteration28: hamming distance =0.01839
Iteration29: hamming distance =0.01523
Iteration30: hamming distance =0.0126
Iteration31: hamming distance =0.01042
Iteration32: hamming distance =0.0086
Iteration33: hamming distance =0.0071
Iteration34: hamming distance =0.00586
Iteration35: hamming distance =0.00483
Iteration36: hamming distance =0.00398
Iteration37: hamming distance =0.00327
Iteration38: hamming distance =0.00269
Iteration39: hamming distance =0.00221
Iteration40: hamming distance =0.00182
Iteration41: hamming distance =0.0015
Iteration42: hamming distance =0.00123
Iteration43: hamming distance =0.00101
Iteration44: hamming distance =0.00083
Successfully ran PANDA on 19750 Genes and 695 TFs.
Time elapsed:2657.42seconds.
Warning messages:
1: In cor(t(expr), method = cor.method, use = "pairwise.complete.obs") :
  the standard deviation is zero
2: In panda(expr = expression, ppi = ppi, motif = motif, progress = TRUE,  :
  Duplicate edges have been found in the motif data. Weights will be summed.
