Loading required package: igraph

Attaching package: 'igraph'

The following objects are masked from 'package:stats':

    decompose, spectrum

The following object is masked from 'package:base':

    union

Loading required package: reticulate
Loading required package: pandaR
Loading required package: Biobase
Loading required package: BiocGenerics

Attaching package: 'BiocGenerics'

The following objects are masked from 'package:igraph':

    normalize, path, union

The following objects are masked from 'package:stats':

    IQR, mad, sd, var, xtabs

The following objects are masked from 'package:base':

    Filter, Find, Map, Position, Reduce, anyDuplicated, aperm, append,
    as.data.frame, basename, cbind, colnames, dirname, do.call,
    duplicated, eval, evalq, get, grep, grepl, intersect, is.unsorted,
    lapply, mapply, match, mget, order, paste, pmax, pmax.int, pmin,
    pmin.int, rank, rbind, rownames, sapply, setdiff, sort, table,
    tapply, union, unique, unsplit, which.max, which.min

Welcome to Bioconductor

    Vignettes contain introductory material; view with
    'browseVignettes()'. To cite Bioconductor, see
    'citation("Biobase")', and for packages 'citation("pkgname")'.

Loading required package: yarn
Setting options('download.file.method.GEOquery'='auto')
Setting options('GEOquery.inmemory.gpl'=FALSE)
Loading required package: matrixcalc

Attaching package: 'matrixcalc'

The following object is masked from 'package:igraph':

    %s%



Iteration0: hamming distance =4.5661
Iteration1: hamming distance =1.02896
Iteration2: hamming distance =0.86951
Iteration3: hamming distance =0.80047
Iteration4: hamming distance =0.74283
Iteration5: hamming distance =0.68456
Iteration6: hamming distance =0.62432
Iteration7: hamming distance =0.56327
Iteration8: hamming distance =0.50309
Iteration9: hamming distance =0.44525
Iteration10: hamming distance =0.39088
Iteration11: hamming distance =0.34071
Iteration12: hamming distance =0.29512
Iteration13: hamming distance =0.25422
Iteration14: hamming distance =0.21793
Iteration15: hamming distance =0.18601
Iteration16: hamming distance =0.15816
Iteration17: hamming distance =0.13401
Iteration18: hamming distance =0.11321
Iteration19: hamming distance =0.09537
Iteration20: hamming distance =0.08015
Iteration21: hamming distance =0.0672
Iteration22: hamming distance =0.05623
Iteration23: hamming distance =0.04696
Iteration24: hamming distance =0.03915
Iteration25: hamming distance =0.03259
Iteration26: hamming distance =0.02709
Iteration27: hamming distance =0.02249
Iteration28: hamming distance =0.01865
Iteration29: hamming distance =0.01545
Iteration30: hamming distance =0.01278
Iteration31: hamming distance =0.01057
Iteration32: hamming distance =0.00873
Iteration33: hamming distance =0.0072
Iteration34: hamming distance =0.00594
Iteration35: hamming distance =0.0049
Iteration36: hamming distance =0.00403
Iteration37: hamming distance =0.00332
Iteration38: hamming distance =0.00273
Iteration39: hamming distance =0.00225
Iteration40: hamming distance =0.00185
Iteration41: hamming distance =0.00152
Iteration42: hamming distance =0.00125
Iteration43: hamming distance =0.00102
Iteration44: hamming distance =0.00084
Successfully ran PANDA on 19750 Genes and 695 TFs.
Time elapsed:2701.55seconds.
Warning messages:
1: In cor(t(expr), method = cor.method, use = "pairwise.complete.obs") :
  the standard deviation is zero
2: In panda(expr = expression, ppi = ppi, motif = motif, progress = TRUE,  :
  Duplicate edges have been found in the motif data. Weights will be summed.
