Loading required package: igraph

Attaching package: 'igraph'

The following objects are masked from 'package:stats':

    decompose, spectrum

The following object is masked from 'package:base':

    union

Loading required package: reticulate
Loading required package: pandaR
Loading required package: Biobase
Loading required package: BiocGenerics

Attaching package: 'BiocGenerics'

The following objects are masked from 'package:igraph':

    normalize, path, union

The following objects are masked from 'package:stats':

    IQR, mad, sd, var, xtabs

The following objects are masked from 'package:base':

    Filter, Find, Map, Position, Reduce, anyDuplicated, aperm, append,
    as.data.frame, basename, cbind, colnames, dirname, do.call,
    duplicated, eval, evalq, get, grep, grepl, intersect, is.unsorted,
    lapply, mapply, match, mget, order, paste, pmax, pmax.int, pmin,
    pmin.int, rank, rbind, rownames, sapply, setdiff, sort, table,
    tapply, union, unique, unsplit, which.max, which.min

Welcome to Bioconductor

    Vignettes contain introductory material; view with
    'browseVignettes()'. To cite Bioconductor, see
    'citation("Biobase")', and for packages 'citation("pkgname")'.

Loading required package: yarn
Setting options('download.file.method.GEOquery'='auto')
Setting options('GEOquery.inmemory.gpl'=FALSE)
Loading required package: matrixcalc

Attaching package: 'matrixcalc'

The following object is masked from 'package:igraph':

    %s%



Iteration0: hamming distance =4.50487
Iteration1: hamming distance =1.04752
Iteration2: hamming distance =0.88116
Iteration3: hamming distance =0.80988
Iteration4: hamming distance =0.75125
Iteration5: hamming distance =0.69239
Iteration6: hamming distance =0.63167
Iteration7: hamming distance =0.57016
Iteration8: hamming distance =0.5095
Iteration9: hamming distance =0.45116
Iteration10: hamming distance =0.39627
Iteration11: hamming distance =0.34557
Iteration12: hamming distance =0.29947
Iteration13: hamming distance =0.25807
Iteration14: hamming distance =0.22131
Iteration15: hamming distance =0.18896
Iteration16: hamming distance =0.16071
Iteration17: hamming distance =0.13622
Iteration18: hamming distance =0.1151
Iteration19: hamming distance =0.09699
Iteration20: hamming distance =0.08152
Iteration21: hamming distance =0.06836
Iteration22: hamming distance =0.05721
Iteration23: hamming distance =0.04779
Iteration24: hamming distance =0.03985
Iteration25: hamming distance =0.03318
Iteration26: hamming distance =0.02758
Iteration27: hamming distance =0.0229
Iteration28: hamming distance =0.01899
Iteration29: hamming distance =0.01573
Iteration30: hamming distance =0.01302
Iteration31: hamming distance =0.01076
Iteration32: hamming distance =0.00889
Iteration33: hamming distance =0.00734
Iteration34: hamming distance =0.00605
Iteration35: hamming distance =0.00499
Iteration36: hamming distance =0.00411
Iteration37: hamming distance =0.00338
Iteration38: hamming distance =0.00278
Iteration39: hamming distance =0.00229
Iteration40: hamming distance =0.00188
Iteration41: hamming distance =0.00155
Iteration42: hamming distance =0.00127
Iteration43: hamming distance =0.00104
Iteration44: hamming distance =0.00086
Successfully ran PANDA on 19750 Genes and 695 TFs.
Time elapsed:2687.92seconds.
Warning messages:
1: In cor(t(expr), method = cor.method, use = "pairwise.complete.obs") :
  the standard deviation is zero
2: In panda(expr = expression, ppi = ppi, motif = motif, progress = TRUE,  :
  Duplicate edges have been found in the motif data. Weights will be summed.
