Loading required package: igraph

Attaching package: 'igraph'

The following objects are masked from 'package:stats':

    decompose, spectrum

The following object is masked from 'package:base':

    union

Loading required package: reticulate
Loading required package: pandaR
Loading required package: Biobase
Loading required package: BiocGenerics

Attaching package: 'BiocGenerics'

The following objects are masked from 'package:igraph':

    normalize, path, union

The following objects are masked from 'package:stats':

    IQR, mad, sd, var, xtabs

The following objects are masked from 'package:base':

    Filter, Find, Map, Position, Reduce, anyDuplicated, aperm, append,
    as.data.frame, basename, cbind, colnames, dirname, do.call,
    duplicated, eval, evalq, get, grep, grepl, intersect, is.unsorted,
    lapply, mapply, match, mget, order, paste, pmax, pmax.int, pmin,
    pmin.int, rank, rbind, rownames, sapply, setdiff, sort, table,
    tapply, union, unique, unsplit, which.max, which.min

Welcome to Bioconductor

    Vignettes contain introductory material; view with
    'browseVignettes()'. To cite Bioconductor, see
    'citation("Biobase")', and for packages 'citation("pkgname")'.

Loading required package: yarn
Setting options('download.file.method.GEOquery'='auto')
Setting options('GEOquery.inmemory.gpl'=FALSE)
Loading required package: matrixcalc

Attaching package: 'matrixcalc'

The following object is masked from 'package:igraph':

    %s%



Iteration0: hamming distance =4.11807
Iteration1: hamming distance =0.94552
Iteration2: hamming distance =0.77021
Iteration3: hamming distance =0.69777
Iteration4: hamming distance =0.64168
Iteration5: hamming distance =0.58777
Iteration6: hamming distance =0.53363
Iteration7: hamming distance =0.47974
Iteration8: hamming distance =0.42723
Iteration9: hamming distance =0.3772
Iteration10: hamming distance =0.33047
Iteration11: hamming distance =0.28756
Iteration12: hamming distance =0.24873
Iteration13: hamming distance =0.214
Iteration14: hamming distance =0.18326
Iteration15: hamming distance =0.15628
Iteration16: hamming distance =0.13278
Iteration17: hamming distance =0.11244
Iteration18: hamming distance =0.09494
Iteration19: hamming distance =0.07994
Iteration20: hamming distance =0.06716
Iteration21: hamming distance =0.05629
Iteration22: hamming distance =0.04709
Iteration23: hamming distance =0.03932
Iteration24: hamming distance =0.03277
Iteration25: hamming distance =0.02728
Iteration26: hamming distance =0.02267
Iteration27: hamming distance =0.01882
Iteration28: hamming distance =0.0156
Iteration29: hamming distance =0.01292
Iteration30: hamming distance =0.01069
Iteration31: hamming distance =0.00884
Iteration32: hamming distance =0.0073
Iteration33: hamming distance =0.00602
Iteration34: hamming distance =0.00497
Iteration35: hamming distance =0.00409
Iteration36: hamming distance =0.00337
Iteration37: hamming distance =0.00278
Iteration38: hamming distance =0.00228
Iteration39: hamming distance =0.00188
Iteration40: hamming distance =0.00154
Iteration41: hamming distance =0.00127
Iteration42: hamming distance =0.00104
Iteration43: hamming distance =0.00086
Successfully ran PANDA on 19750 Genes and 695 TFs.
Time elapsed:2406.4seconds.
Warning messages:
1: In cor(t(expr), method = cor.method, use = "pairwise.complete.obs") :
  the standard deviation is zero
2: In panda(expr = expression, ppi = ppi, motif = motif, progress = TRUE,  :
  Duplicate edges have been found in the motif data. Weights will be summed.
