Loading required package: igraph

Attaching package: 'igraph'

The following objects are masked from 'package:stats':

    decompose, spectrum

The following object is masked from 'package:base':

    union

Loading required package: reticulate
Loading required package: pandaR
Loading required package: Biobase
Loading required package: BiocGenerics

Attaching package: 'BiocGenerics'

The following objects are masked from 'package:igraph':

    normalize, path, union

The following objects are masked from 'package:stats':

    IQR, mad, sd, var, xtabs

The following objects are masked from 'package:base':

    Filter, Find, Map, Position, Reduce, anyDuplicated, aperm, append,
    as.data.frame, basename, cbind, colnames, dirname, do.call,
    duplicated, eval, evalq, get, grep, grepl, intersect, is.unsorted,
    lapply, mapply, match, mget, order, paste, pmax, pmax.int, pmin,
    pmin.int, rank, rbind, rownames, sapply, setdiff, sort, table,
    tapply, union, unique, unsplit, which.max, which.min

Welcome to Bioconductor

    Vignettes contain introductory material; view with
    'browseVignettes()'. To cite Bioconductor, see
    'citation("Biobase")', and for packages 'citation("pkgname")'.

Loading required package: yarn
Setting options('download.file.method.GEOquery'='auto')
Setting options('GEOquery.inmemory.gpl'=FALSE)
Loading required package: matrixcalc

Attaching package: 'matrixcalc'

The following object is masked from 'package:igraph':

    %s%



Iteration0: hamming distance =4.63582
Iteration1: hamming distance =1.02955
Iteration2: hamming distance =0.86499
Iteration3: hamming distance =0.79349
Iteration4: hamming distance =0.7345
Iteration5: hamming distance =0.67556
Iteration6: hamming distance =0.61509
Iteration7: hamming distance =0.55418
Iteration8: hamming distance =0.49438
Iteration9: hamming distance =0.43711
Iteration10: hamming distance =0.38342
Iteration11: hamming distance =0.33397
Iteration12: hamming distance =0.28911
Iteration13: hamming distance =0.24893
Iteration14: hamming distance =0.2133
Iteration15: hamming distance =0.18199
Iteration16: hamming distance =0.1547
Iteration17: hamming distance =0.13105
Iteration18: hamming distance =0.11068
Iteration19: hamming distance =0.09323
Iteration20: hamming distance =0.07833
Iteration21: hamming distance =0.06566
Iteration22: hamming distance =0.05494
Iteration23: hamming distance =0.04588
Iteration24: hamming distance =0.03825
Iteration25: hamming distance =0.03183
Iteration26: hamming distance =0.02646
Iteration27: hamming distance =0.02197
Iteration28: hamming distance =0.01821
Iteration29: hamming distance =0.01508
Iteration30: hamming distance =0.01248
Iteration31: hamming distance =0.01032
Iteration32: hamming distance =0.00852
Iteration33: hamming distance =0.00703
Iteration34: hamming distance =0.0058
Iteration35: hamming distance =0.00478
Iteration36: hamming distance =0.00394
Iteration37: hamming distance =0.00324
Iteration38: hamming distance =0.00267
Iteration39: hamming distance =0.00219
Iteration40: hamming distance =0.0018
Iteration41: hamming distance =0.00148
Iteration42: hamming distance =0.00122
Iteration43: hamming distance =0.001
Successfully ran PANDA on 19750 Genes and 695 TFs.
Time elapsed:2420.67seconds.
Warning messages:
1: In cor(t(expr), method = cor.method, use = "pairwise.complete.obs") :
  the standard deviation is zero
2: In panda(expr = expression, ppi = ppi, motif = motif, progress = TRUE,  :
  Duplicate edges have been found in the motif data. Weights will be summed.
