Loading required package: igraph

Attaching package: 'igraph'

The following objects are masked from 'package:stats':

    decompose, spectrum

The following object is masked from 'package:base':

    union

Loading required package: reticulate
Loading required package: pandaR
Loading required package: Biobase
Loading required package: BiocGenerics

Attaching package: 'BiocGenerics'

The following objects are masked from 'package:igraph':

    normalize, path, union

The following objects are masked from 'package:stats':

    IQR, mad, sd, var, xtabs

The following objects are masked from 'package:base':

    Filter, Find, Map, Position, Reduce, anyDuplicated, aperm, append,
    as.data.frame, basename, cbind, colnames, dirname, do.call,
    duplicated, eval, evalq, get, grep, grepl, intersect, is.unsorted,
    lapply, mapply, match, mget, order, paste, pmax, pmax.int, pmin,
    pmin.int, rank, rbind, rownames, sapply, setdiff, sort, table,
    tapply, union, unique, unsplit, which.max, which.min

Welcome to Bioconductor

    Vignettes contain introductory material; view with
    'browseVignettes()'. To cite Bioconductor, see
    'citation("Biobase")', and for packages 'citation("pkgname")'.

Loading required package: yarn
Setting options('download.file.method.GEOquery'='auto')
Setting options('GEOquery.inmemory.gpl'=FALSE)
Loading required package: matrixcalc

Attaching package: 'matrixcalc'

The following object is masked from 'package:igraph':

    %s%



Iteration0: hamming distance =3.80206
Iteration1: hamming distance =0.91316
Iteration2: hamming distance =0.74618
Iteration3: hamming distance =0.67823
Iteration4: hamming distance =0.626
Iteration5: hamming distance =0.57553
Iteration6: hamming distance =0.52436
Iteration7: hamming distance =0.47293
Iteration8: hamming distance =0.4224
Iteration9: hamming distance =0.37391
Iteration10: hamming distance =0.32833
Iteration11: hamming distance =0.28627
Iteration12: hamming distance =0.24804
Iteration13: hamming distance =0.21373
Iteration14: hamming distance =0.18327
Iteration15: hamming distance =0.15648
Iteration16: hamming distance =0.13309
Iteration17: hamming distance =0.1128
Iteration18: hamming distance =0.09532
Iteration19: hamming distance =0.08032
Iteration20: hamming distance =0.06752
Iteration21: hamming distance =0.05662
Iteration22: hamming distance =0.04739
Iteration23: hamming distance =0.03959
Iteration24: hamming distance =0.03301
Iteration25: hamming distance =0.02749
Iteration26: hamming distance =0.02285
Iteration27: hamming distance =0.01898
Iteration28: hamming distance =0.01574
Iteration29: hamming distance =0.01304
Iteration30: hamming distance =0.01079
Iteration31: hamming distance =0.00892
Iteration32: hamming distance =0.00737
Iteration33: hamming distance =0.00608
Iteration34: hamming distance =0.00502
Iteration35: hamming distance =0.00414
Iteration36: hamming distance =0.00341
Iteration37: hamming distance =0.0028
Iteration38: hamming distance =0.00231
Iteration39: hamming distance =0.0019
Iteration40: hamming distance =0.00156
Iteration41: hamming distance =0.00128
Iteration42: hamming distance =0.00105
Iteration43: hamming distance =0.00087
Successfully ran PANDA on 19750 Genes and 695 TFs.
Time elapsed:2660.81seconds.
Warning messages:
1: In cor(t(expr), method = cor.method, use = "pairwise.complete.obs") :
  the standard deviation is zero
2: In panda(expr = expression, ppi = ppi, motif = motif, progress = TRUE,  :
  Duplicate edges have been found in the motif data. Weights will be summed.
