Loading required package: igraph

Attaching package: 'igraph'

The following objects are masked from 'package:stats':

    decompose, spectrum

The following object is masked from 'package:base':

    union

Loading required package: reticulate
Loading required package: pandaR
Loading required package: Biobase
Loading required package: BiocGenerics

Attaching package: 'BiocGenerics'

The following objects are masked from 'package:igraph':

    normalize, path, union

The following objects are masked from 'package:stats':

    IQR, mad, sd, var, xtabs

The following objects are masked from 'package:base':

    Filter, Find, Map, Position, Reduce, anyDuplicated, aperm, append,
    as.data.frame, basename, cbind, colnames, dirname, do.call,
    duplicated, eval, evalq, get, grep, grepl, intersect, is.unsorted,
    lapply, mapply, match, mget, order, paste, pmax, pmax.int, pmin,
    pmin.int, rank, rbind, rownames, sapply, setdiff, sort, table,
    tapply, union, unique, unsplit, which.max, which.min

Welcome to Bioconductor

    Vignettes contain introductory material; view with
    'browseVignettes()'. To cite Bioconductor, see
    'citation("Biobase")', and for packages 'citation("pkgname")'.

Loading required package: yarn
Setting options('download.file.method.GEOquery'='auto')
Setting options('GEOquery.inmemory.gpl'=FALSE)
Loading required package: matrixcalc

Attaching package: 'matrixcalc'

The following object is masked from 'package:igraph':

    %s%



Iteration0: hamming distance =3.04697
Iteration1: hamming distance =0.85923
Iteration2: hamming distance =0.63245
Iteration3: hamming distance =0.54718
Iteration4: hamming distance =0.4921
Iteration5: hamming distance =0.44563
Iteration6: hamming distance =0.4022
Iteration7: hamming distance =0.36054
Iteration8: hamming distance =0.3207
Iteration9: hamming distance =0.28308
Iteration10: hamming distance =0.24809
Iteration11: hamming distance =0.21602
Iteration12: hamming distance =0.18698
Iteration13: hamming distance =0.161
Iteration14: hamming distance =0.13799
Iteration15: hamming distance =0.11776
Iteration16: hamming distance =0.10013
Iteration17: hamming distance =0.08485
Iteration18: hamming distance =0.07169
Iteration19: hamming distance =0.0604
Iteration20: hamming distance =0.05077
Iteration21: hamming distance =0.04257
Iteration22: hamming distance =0.03563
Iteration23: hamming distance =0.02976
Iteration24: hamming distance =0.02482
Iteration25: hamming distance =0.02066
Iteration26: hamming distance =0.01718
Iteration27: hamming distance =0.01427
Iteration28: hamming distance =0.01183
Iteration29: hamming distance =0.0098
Iteration30: hamming distance =0.00811
Iteration31: hamming distance =0.00671
Iteration32: hamming distance =0.00554
Iteration33: hamming distance =0.00457
Iteration34: hamming distance =0.00377
Iteration35: hamming distance =0.00311
Iteration36: hamming distance =0.00256
Iteration37: hamming distance =0.00211
Iteration38: hamming distance =0.00173
Iteration39: hamming distance =0.00143
Iteration40: hamming distance =0.00117
Iteration41: hamming distance =0.00096
Successfully ran PANDA on 19750 Genes and 695 TFs.
Time elapsed:2210.15seconds.
Warning messages:
1: In cor(t(expr), method = cor.method, use = "pairwise.complete.obs") :
  the standard deviation is zero
2: In panda(expr = expression, ppi = ppi, motif = motif, progress = TRUE,  :
  Duplicate edges have been found in the motif data. Weights will be summed.
