Loading required package: igraph

Attaching package: 'igraph'

The following objects are masked from 'package:stats':

    decompose, spectrum

The following object is masked from 'package:base':

    union

Loading required package: reticulate
Loading required package: pandaR
Loading required package: Biobase
Loading required package: BiocGenerics

Attaching package: 'BiocGenerics'

The following objects are masked from 'package:igraph':

    normalize, path, union

The following objects are masked from 'package:stats':

    IQR, mad, sd, var, xtabs

The following objects are masked from 'package:base':

    Filter, Find, Map, Position, Reduce, anyDuplicated, aperm, append,
    as.data.frame, basename, cbind, colnames, dirname, do.call,
    duplicated, eval, evalq, get, grep, grepl, intersect, is.unsorted,
    lapply, mapply, match, mget, order, paste, pmax, pmax.int, pmin,
    pmin.int, rank, rbind, rownames, sapply, setdiff, sort, table,
    tapply, union, unique, unsplit, which.max, which.min

Welcome to Bioconductor

    Vignettes contain introductory material; view with
    'browseVignettes()'. To cite Bioconductor, see
    'citation("Biobase")', and for packages 'citation("pkgname")'.

Loading required package: yarn
Setting options('download.file.method.GEOquery'='auto')
Setting options('GEOquery.inmemory.gpl'=FALSE)
Loading required package: matrixcalc

Attaching package: 'matrixcalc'

The following object is masked from 'package:igraph':

    %s%



Iteration0: hamming distance =2.96578
Iteration1: hamming distance =0.77011
Iteration2: hamming distance =0.59408
Iteration3: hamming distance =0.52746
Iteration4: hamming distance =0.48111
Iteration5: hamming distance =0.4393
Iteration6: hamming distance =0.3985
Iteration7: hamming distance =0.35836
Iteration8: hamming distance =0.3194
Iteration9: hamming distance =0.2823
Iteration10: hamming distance =0.2476
Iteration11: hamming distance =0.21569
Iteration12: hamming distance =0.18674
Iteration13: hamming distance =0.16082
Iteration14: hamming distance =0.13783
Iteration15: hamming distance =0.11763
Iteration16: hamming distance =0.10001
Iteration17: hamming distance =0.08475
Iteration18: hamming distance =0.0716
Iteration19: hamming distance =0.06032
Iteration20: hamming distance =0.05069
Iteration21: hamming distance =0.04251
Iteration22: hamming distance =0.03557
Iteration23: hamming distance =0.02972
Iteration24: hamming distance =0.02478
Iteration25: hamming distance =0.02063
Iteration26: hamming distance =0.01715
Iteration27: hamming distance =0.01424
Iteration28: hamming distance =0.01181
Iteration29: hamming distance =0.00978
Iteration30: hamming distance =0.0081
Iteration31: hamming distance =0.00669
Iteration32: hamming distance =0.00553
Iteration33: hamming distance =0.00456
Iteration34: hamming distance =0.00376
Iteration35: hamming distance =0.0031
Iteration36: hamming distance =0.00256
Iteration37: hamming distance =0.0021
Iteration38: hamming distance =0.00173
Iteration39: hamming distance =0.00142
Iteration40: hamming distance =0.00117
Iteration41: hamming distance =0.00096
Successfully ran PANDA on 19750 Genes and 695 TFs.
Time elapsed:2198.81seconds.
Warning messages:
1: In cor(t(expr), method = cor.method, use = "pairwise.complete.obs") :
  the standard deviation is zero
2: In panda(expr = expression, ppi = ppi, motif = motif, progress = TRUE,  :
  Duplicate edges have been found in the motif data. Weights will be summed.
