Loading required package: igraph

Attaching package: 'igraph'

The following objects are masked from 'package:stats':

    decompose, spectrum

The following object is masked from 'package:base':

    union

Loading required package: reticulate
Loading required package: pandaR
Loading required package: Biobase
Loading required package: BiocGenerics

Attaching package: 'BiocGenerics'

The following objects are masked from 'package:igraph':

    normalize, path, union

The following objects are masked from 'package:stats':

    IQR, mad, sd, var, xtabs

The following objects are masked from 'package:base':

    Filter, Find, Map, Position, Reduce, anyDuplicated, aperm, append,
    as.data.frame, basename, cbind, colnames, dirname, do.call,
    duplicated, eval, evalq, get, grep, grepl, intersect, is.unsorted,
    lapply, mapply, match, mget, order, paste, pmax, pmax.int, pmin,
    pmin.int, rank, rbind, rownames, sapply, setdiff, sort, table,
    tapply, union, unique, unsplit, which.max, which.min

Welcome to Bioconductor

    Vignettes contain introductory material; view with
    'browseVignettes()'. To cite Bioconductor, see
    'citation("Biobase")', and for packages 'citation("pkgname")'.

Loading required package: yarn
Setting options('download.file.method.GEOquery'='auto')
Setting options('GEOquery.inmemory.gpl'=FALSE)
Loading required package: matrixcalc

Attaching package: 'matrixcalc'

The following object is masked from 'package:igraph':

    %s%



Iteration0: hamming distance =3.77295
Iteration1: hamming distance =0.91941
Iteration2: hamming distance =0.73475
Iteration3: hamming distance =0.66128
Iteration4: hamming distance =0.60664
Iteration5: hamming distance =0.55525
Iteration6: hamming distance =0.50411
Iteration7: hamming distance =0.45337
Iteration8: hamming distance =0.40398
Iteration9: hamming distance =0.35689
Iteration10: hamming distance =0.31288
Iteration11: hamming distance =0.27242
Iteration12: hamming distance =0.23576
Iteration13: hamming distance =0.20295
Iteration14: hamming distance =0.17387
Iteration15: hamming distance =0.14834
Iteration16: hamming distance =0.12609
Iteration17: hamming distance =0.10681
Iteration18: hamming distance =0.09021
Iteration19: hamming distance =0.07598
Iteration20: hamming distance =0.06385
Iteration21: hamming distance =0.05353
Iteration22: hamming distance =0.04478
Iteration23: hamming distance =0.0374
Iteration24: hamming distance =0.03118
Iteration25: hamming distance =0.02596
Iteration26: hamming distance =0.02158
Iteration27: hamming distance =0.01791
Iteration28: hamming distance =0.01485
Iteration29: hamming distance =0.0123
Iteration30: hamming distance =0.01018
Iteration31: hamming distance =0.00842
Iteration32: hamming distance =0.00695
Iteration33: hamming distance =0.00574
Iteration34: hamming distance =0.00473
Iteration35: hamming distance =0.0039
Iteration36: hamming distance =0.00321
Iteration37: hamming distance =0.00264
Iteration38: hamming distance =0.00218
Iteration39: hamming distance =0.00179
Iteration40: hamming distance =0.00147
Iteration41: hamming distance =0.00121
Iteration42: hamming distance =0.00099
Successfully ran PANDA on 19750 Genes and 695 TFs.
Time elapsed:2367.03seconds.
Warning messages:
1: In cor(t(expr), method = cor.method, use = "pairwise.complete.obs") :
  the standard deviation is zero
2: In panda(expr = expression, ppi = ppi, motif = motif, progress = TRUE,  :
  Duplicate edges have been found in the motif data. Weights will be summed.
