Loading required package: igraph

Attaching package: 'igraph'

The following objects are masked from 'package:stats':

    decompose, spectrum

The following object is masked from 'package:base':

    union

Loading required package: reticulate
Loading required package: pandaR
Loading required package: Biobase
Loading required package: BiocGenerics

Attaching package: 'BiocGenerics'

The following objects are masked from 'package:igraph':

    normalize, path, union

The following objects are masked from 'package:stats':

    IQR, mad, sd, var, xtabs

The following objects are masked from 'package:base':

    Filter, Find, Map, Position, Reduce, anyDuplicated, aperm, append,
    as.data.frame, basename, cbind, colnames, dirname, do.call,
    duplicated, eval, evalq, get, grep, grepl, intersect, is.unsorted,
    lapply, mapply, match, mget, order, paste, pmax, pmax.int, pmin,
    pmin.int, rank, rbind, rownames, sapply, setdiff, sort, table,
    tapply, union, unique, unsplit, which.max, which.min

Welcome to Bioconductor

    Vignettes contain introductory material; view with
    'browseVignettes()'. To cite Bioconductor, see
    'citation("Biobase")', and for packages 'citation("pkgname")'.

Loading required package: yarn
Setting options('download.file.method.GEOquery'='auto')
Setting options('GEOquery.inmemory.gpl'=FALSE)
Loading required package: matrixcalc

Attaching package: 'matrixcalc'

The following object is masked from 'package:igraph':

    %s%



Iteration0: hamming distance =5.13101
Iteration1: hamming distance =1.09095
Iteration2: hamming distance =0.93353
Iteration3: hamming distance =0.86153
Iteration4: hamming distance =0.79936
Iteration5: hamming distance =0.73588
Iteration6: hamming distance =0.67021
Iteration7: hamming distance =0.60383
Iteration8: hamming distance =0.53859
Iteration9: hamming distance =0.47611
Iteration10: hamming distance =0.41753
Iteration11: hamming distance =0.36361
Iteration12: hamming distance =0.3147
Iteration13: hamming distance =0.2709
Iteration14: hamming distance =0.23208
Iteration15: hamming distance =0.19798
Iteration16: hamming distance =0.16825
Iteration17: hamming distance =0.14251
Iteration18: hamming distance =0.12034
Iteration19: hamming distance =0.10134
Iteration20: hamming distance =0.08514
Iteration21: hamming distance =0.07136
Iteration22: hamming distance =0.05969
Iteration23: hamming distance =0.04984
Iteration24: hamming distance =0.04155
Iteration25: hamming distance =0.03458
Iteration26: hamming distance =0.02874
Iteration27: hamming distance =0.02385
Iteration28: hamming distance =0.01977
Iteration29: hamming distance =0.01638
Iteration30: hamming distance =0.01355
Iteration31: hamming distance =0.0112
Iteration32: hamming distance =0.00925
Iteration33: hamming distance =0.00763
Iteration34: hamming distance =0.00629
Iteration35: hamming distance =0.00519
Iteration36: hamming distance =0.00427
Iteration37: hamming distance =0.00352
Iteration38: hamming distance =0.00289
Iteration39: hamming distance =0.00238
Iteration40: hamming distance =0.00196
Iteration41: hamming distance =0.00161
Iteration42: hamming distance =0.00132
Iteration43: hamming distance =0.00108
Iteration44: hamming distance =0.00089
Successfully ran PANDA on 19750 Genes and 695 TFs.
Time elapsed:2472.82seconds.
Warning messages:
1: In cor(t(expr), method = cor.method, use = "pairwise.complete.obs") :
  the standard deviation is zero
2: In panda(expr = expression, ppi = ppi, motif = motif, progress = TRUE,  :
  Duplicate edges have been found in the motif data. Weights will be summed.
