Loading required package: igraph

Attaching package: 'igraph'

The following objects are masked from 'package:stats':

    decompose, spectrum

The following object is masked from 'package:base':

    union

Loading required package: reticulate
Loading required package: pandaR
Loading required package: Biobase
Loading required package: BiocGenerics

Attaching package: 'BiocGenerics'

The following objects are masked from 'package:igraph':

    normalize, path, union

The following objects are masked from 'package:stats':

    IQR, mad, sd, var, xtabs

The following objects are masked from 'package:base':

    Filter, Find, Map, Position, Reduce, anyDuplicated, aperm, append,
    as.data.frame, basename, cbind, colnames, dirname, do.call,
    duplicated, eval, evalq, get, grep, grepl, intersect, is.unsorted,
    lapply, mapply, match, mget, order, paste, pmax, pmax.int, pmin,
    pmin.int, rank, rbind, rownames, sapply, setdiff, sort, table,
    tapply, union, unique, unsplit, which.max, which.min

Welcome to Bioconductor

    Vignettes contain introductory material; view with
    'browseVignettes()'. To cite Bioconductor, see
    'citation("Biobase")', and for packages 'citation("pkgname")'.

Loading required package: yarn
Setting options('download.file.method.GEOquery'='auto')
Setting options('GEOquery.inmemory.gpl'=FALSE)
Loading required package: matrixcalc

Attaching package: 'matrixcalc'

The following object is masked from 'package:igraph':

    %s%



Iteration0: hamming distance =2.8924
Iteration1: hamming distance =0.73013
Iteration2: hamming distance =0.5753
Iteration3: hamming distance =0.51534
Iteration4: hamming distance =0.47209
Iteration5: hamming distance =0.43208
Iteration6: hamming distance =0.39252
Iteration7: hamming distance =0.35332
Iteration8: hamming distance =0.31511
Iteration9: hamming distance =0.27863
Iteration10: hamming distance =0.24446
Iteration11: hamming distance =0.213
Iteration12: hamming distance =0.18445
Iteration13: hamming distance =0.15887
Iteration14: hamming distance =0.13617
Iteration15: hamming distance =0.11623
Iteration16: hamming distance =0.09883
Iteration17: hamming distance =0.08375
Iteration18: hamming distance =0.07075
Iteration19: hamming distance =0.05961
Iteration20: hamming distance =0.0501
Iteration21: hamming distance =0.04202
Iteration22: hamming distance =0.03516
Iteration23: hamming distance =0.02937
Iteration24: hamming distance =0.02449
Iteration25: hamming distance =0.02039
Iteration26: hamming distance =0.01695
Iteration27: hamming distance =0.01408
Iteration28: hamming distance =0.01168
Iteration29: hamming distance =0.00967
Iteration30: hamming distance =0.008
Iteration31: hamming distance =0.00662
Iteration32: hamming distance =0.00547
Iteration33: hamming distance =0.00451
Iteration34: hamming distance =0.00372
Iteration35: hamming distance =0.00307
Iteration36: hamming distance =0.00253
Iteration37: hamming distance =0.00208
Iteration38: hamming distance =0.00171
Iteration39: hamming distance =0.00141
Iteration40: hamming distance =0.00116
Iteration41: hamming distance =0.00095
Successfully ran PANDA on 19750 Genes and 695 TFs.
Time elapsed:2289.08seconds.
Warning messages:
1: In cor(t(expr), method = cor.method, use = "pairwise.complete.obs") :
  the standard deviation is zero
2: In panda(expr = expression, ppi = ppi, motif = motif, progress = TRUE,  :
  Duplicate edges have been found in the motif data. Weights will be summed.
