Loading required package: igraph

Attaching package: 'igraph'

The following objects are masked from 'package:stats':

    decompose, spectrum

The following object is masked from 'package:base':

    union

Loading required package: reticulate
Loading required package: pandaR
Loading required package: Biobase
Loading required package: BiocGenerics

Attaching package: 'BiocGenerics'

The following objects are masked from 'package:igraph':

    normalize, path, union

The following objects are masked from 'package:stats':

    IQR, mad, sd, var, xtabs

The following objects are masked from 'package:base':

    Filter, Find, Map, Position, Reduce, anyDuplicated, aperm, append,
    as.data.frame, basename, cbind, colnames, dirname, do.call,
    duplicated, eval, evalq, get, grep, grepl, intersect, is.unsorted,
    lapply, mapply, match, mget, order, paste, pmax, pmax.int, pmin,
    pmin.int, rank, rbind, rownames, sapply, setdiff, sort, table,
    tapply, union, unique, unsplit, which.max, which.min

Welcome to Bioconductor

    Vignettes contain introductory material; view with
    'browseVignettes()'. To cite Bioconductor, see
    'citation("Biobase")', and for packages 'citation("pkgname")'.

Loading required package: yarn
Setting options('download.file.method.GEOquery'='auto')
Setting options('GEOquery.inmemory.gpl'=FALSE)
Loading required package: matrixcalc

Attaching package: 'matrixcalc'

The following object is masked from 'package:igraph':

    %s%



Iteration0: hamming distance =2.63161
Iteration1: hamming distance =0.74244
Iteration2: hamming distance =0.55608
Iteration3: hamming distance =0.48481
Iteration4: hamming distance =0.43803
Iteration5: hamming distance =0.39799
Iteration6: hamming distance =0.36013
Iteration7: hamming distance =0.32347
Iteration8: hamming distance =0.28818
Iteration9: hamming distance =0.2547
Iteration10: hamming distance =0.22344
Iteration11: hamming distance =0.1947
Iteration12: hamming distance =0.16864
Iteration13: hamming distance =0.14529
Iteration14: hamming distance =0.12457
Iteration15: hamming distance =0.10635
Iteration16: hamming distance =0.09045
Iteration17: hamming distance =0.07667
Iteration18: hamming distance =0.06479
Iteration19: hamming distance =0.0546
Iteration20: hamming distance =0.0459
Iteration21: hamming distance =0.0385
Iteration22: hamming distance =0.03223
Iteration23: hamming distance =0.02692
Iteration24: hamming distance =0.02245
Iteration25: hamming distance =0.0187
Iteration26: hamming distance =0.01555
Iteration27: hamming distance =0.01291
Iteration28: hamming distance =0.01071
Iteration29: hamming distance =0.00887
Iteration30: hamming distance =0.00734
Iteration31: hamming distance =0.00607
Iteration32: hamming distance =0.00502
Iteration33: hamming distance =0.00414
Iteration34: hamming distance =0.00342
Iteration35: hamming distance =0.00282
Iteration36: hamming distance =0.00232
Iteration37: hamming distance =0.00191
Iteration38: hamming distance =0.00157
Iteration39: hamming distance =0.00129
Iteration40: hamming distance =0.00106
Iteration41: hamming distance =0.00087
Successfully ran PANDA on 19750 Genes and 695 TFs.
Time elapsed:2531.16seconds.
Warning messages:
1: In cor(t(expr), method = cor.method, use = "pairwise.complete.obs") :
  the standard deviation is zero
2: In panda(expr = expression, ppi = ppi, motif = motif, progress = TRUE,  :
  Duplicate edges have been found in the motif data. Weights will be summed.
