Loading required package: igraph

Attaching package: 'igraph'

The following objects are masked from 'package:stats':

    decompose, spectrum

The following object is masked from 'package:base':

    union

Loading required package: reticulate
Loading required package: pandaR
Loading required package: Biobase
Loading required package: BiocGenerics

Attaching package: 'BiocGenerics'

The following objects are masked from 'package:igraph':

    normalize, path, union

The following objects are masked from 'package:stats':

    IQR, mad, sd, var, xtabs

The following objects are masked from 'package:base':

    Filter, Find, Map, Position, Reduce, anyDuplicated, aperm, append,
    as.data.frame, basename, cbind, colnames, dirname, do.call,
    duplicated, eval, evalq, get, grep, grepl, intersect, is.unsorted,
    lapply, mapply, match, mget, order, paste, pmax, pmax.int, pmin,
    pmin.int, rank, rbind, rownames, sapply, setdiff, sort, table,
    tapply, union, unique, unsplit, which.max, which.min

Welcome to Bioconductor

    Vignettes contain introductory material; view with
    'browseVignettes()'. To cite Bioconductor, see
    'citation("Biobase")', and for packages 'citation("pkgname")'.

Loading required package: yarn
Setting options('download.file.method.GEOquery'='auto')
Setting options('GEOquery.inmemory.gpl'=FALSE)
Loading required package: matrixcalc

Attaching package: 'matrixcalc'

The following object is masked from 'package:igraph':

    %s%



Iteration0: hamming distance =5.05214
Iteration1: hamming distance =1.10098
Iteration2: hamming distance =0.94382
Iteration3: hamming distance =0.87243
Iteration4: hamming distance =0.81083
Iteration5: hamming distance =0.74766
Iteration6: hamming distance =0.68196
Iteration7: hamming distance =0.61525
Iteration8: hamming distance =0.54945
Iteration9: hamming distance =0.48621
Iteration10: hamming distance =0.42678
Iteration11: hamming distance =0.37195
Iteration12: hamming distance =0.32214
Iteration13: hamming distance =0.27747
Iteration14: hamming distance =0.23783
Iteration15: hamming distance =0.20298
Iteration16: hamming distance =0.17257
Iteration17: hamming distance =0.14622
Iteration18: hamming distance =0.12351
Iteration19: hamming distance =0.10404
Iteration20: hamming distance =0.08742
Iteration21: hamming distance =0.0733
Iteration22: hamming distance =0.06132
Iteration23: hamming distance =0.05121
Iteration24: hamming distance =0.04269
Iteration25: hamming distance =0.03554
Iteration26: hamming distance =0.02954
Iteration27: hamming distance =0.02452
Iteration28: hamming distance =0.02033
Iteration29: hamming distance =0.01684
Iteration30: hamming distance =0.01393
Iteration31: hamming distance =0.01152
Iteration32: hamming distance =0.00951
Iteration33: hamming distance =0.00785
Iteration34: hamming distance =0.00647
Iteration35: hamming distance =0.00533
Iteration36: hamming distance =0.00439
Iteration37: hamming distance =0.00362
Iteration38: hamming distance =0.00298
Iteration39: hamming distance =0.00245
Iteration40: hamming distance =0.00201
Iteration41: hamming distance =0.00165
Iteration42: hamming distance =0.00136
Iteration43: hamming distance =0.00112
Iteration44: hamming distance =0.00092
Successfully ran PANDA on 19750 Genes and 695 TFs.
Time elapsed:2457.24seconds.
Warning messages:
1: In cor(t(expr), method = cor.method, use = "pairwise.complete.obs") :
  the standard deviation is zero
2: In panda(expr = expression, ppi = ppi, motif = motif, progress = TRUE,  :
  Duplicate edges have been found in the motif data. Weights will be summed.
