Loading required package: igraph

Attaching package: 'igraph'

The following objects are masked from 'package:stats':

    decompose, spectrum

The following object is masked from 'package:base':

    union

Loading required package: reticulate
Loading required package: pandaR
Loading required package: Biobase
Loading required package: BiocGenerics

Attaching package: 'BiocGenerics'

The following objects are masked from 'package:igraph':

    normalize, path, union

The following objects are masked from 'package:stats':

    IQR, mad, sd, var, xtabs

The following objects are masked from 'package:base':

    Filter, Find, Map, Position, Reduce, anyDuplicated, aperm, append,
    as.data.frame, basename, cbind, colnames, dirname, do.call,
    duplicated, eval, evalq, get, grep, grepl, intersect, is.unsorted,
    lapply, mapply, match, mget, order, paste, pmax, pmax.int, pmin,
    pmin.int, rank, rbind, rownames, sapply, setdiff, sort, table,
    tapply, union, unique, unsplit, which.max, which.min

Welcome to Bioconductor

    Vignettes contain introductory material; view with
    'browseVignettes()'. To cite Bioconductor, see
    'citation("Biobase")', and for packages 'citation("pkgname")'.

Loading required package: yarn
Setting options('download.file.method.GEOquery'='auto')
Setting options('GEOquery.inmemory.gpl'=FALSE)
Loading required package: matrixcalc

Attaching package: 'matrixcalc'

The following object is masked from 'package:igraph':

    %s%



Iteration0: hamming distance =3.36385
Iteration1: hamming distance =0.84478
Iteration2: hamming distance =0.65959
Iteration3: hamming distance =0.58824
Iteration4: hamming distance =0.5373
Iteration5: hamming distance =0.49066
Iteration6: hamming distance =0.44491
Iteration7: hamming distance =0.39984
Iteration8: hamming distance =0.35614
Iteration9: hamming distance =0.31456
Iteration10: hamming distance =0.27574
Iteration11: hamming distance =0.24007
Iteration12: hamming distance =0.20777
Iteration13: hamming distance =0.17886
Iteration14: hamming distance =0.15325
Iteration15: hamming distance =0.13075
Iteration16: hamming distance =0.11115
Iteration17: hamming distance =0.09416
Iteration18: hamming distance =0.07954
Iteration19: hamming distance =0.067
Iteration20: hamming distance =0.0563
Iteration21: hamming distance =0.04721
Iteration22: hamming distance =0.0395
Iteration23: hamming distance =0.03299
Iteration24: hamming distance =0.02751
Iteration25: hamming distance =0.0229
Iteration26: hamming distance =0.01904
Iteration27: hamming distance =0.01581
Iteration28: hamming distance =0.01311
Iteration29: hamming distance =0.01086
Iteration30: hamming distance =0.00898
Iteration31: hamming distance =0.00743
Iteration32: hamming distance =0.00614
Iteration33: hamming distance =0.00506
Iteration34: hamming distance =0.00418
Iteration35: hamming distance =0.00344
Iteration36: hamming distance =0.00284
Iteration37: hamming distance =0.00233
Iteration38: hamming distance =0.00192
Iteration39: hamming distance =0.00158
Iteration40: hamming distance =0.0013
Iteration41: hamming distance =0.00107
Iteration42: hamming distance =0.00088
Successfully ran PANDA on 19750 Genes and 695 TFs.
Time elapsed:2354.52seconds.
Warning messages:
1: In cor(t(expr), method = cor.method, use = "pairwise.complete.obs") :
  the standard deviation is zero
2: In panda(expr = expression, ppi = ppi, motif = motif, progress = TRUE,  :
  Duplicate edges have been found in the motif data. Weights will be summed.
