Loading required package: igraph

Attaching package: 'igraph'

The following objects are masked from 'package:stats':

    decompose, spectrum

The following object is masked from 'package:base':

    union

Loading required package: reticulate
Loading required package: pandaR
Loading required package: Biobase
Loading required package: BiocGenerics

Attaching package: 'BiocGenerics'

The following objects are masked from 'package:igraph':

    normalize, path, union

The following objects are masked from 'package:stats':

    IQR, mad, sd, var, xtabs

The following objects are masked from 'package:base':

    Filter, Find, Map, Position, Reduce, anyDuplicated, aperm, append,
    as.data.frame, basename, cbind, colnames, dirname, do.call,
    duplicated, eval, evalq, get, grep, grepl, intersect, is.unsorted,
    lapply, mapply, match, mget, order, paste, pmax, pmax.int, pmin,
    pmin.int, rank, rbind, rownames, sapply, setdiff, sort, table,
    tapply, union, unique, unsplit, which.max, which.min

Welcome to Bioconductor

    Vignettes contain introductory material; view with
    'browseVignettes()'. To cite Bioconductor, see
    'citation("Biobase")', and for packages 'citation("pkgname")'.

Loading required package: yarn
Setting options('download.file.method.GEOquery'='auto')
Setting options('GEOquery.inmemory.gpl'=FALSE)
Loading required package: matrixcalc

Attaching package: 'matrixcalc'

The following object is masked from 'package:igraph':

    %s%



Iteration0: hamming distance =3.96517
Iteration1: hamming distance =0.96315
Iteration2: hamming distance =0.75902
Iteration3: hamming distance =0.67989
Iteration4: hamming distance =0.6225
Iteration5: hamming distance =0.56932
Iteration6: hamming distance =0.51676
Iteration7: hamming distance =0.46476
Iteration8: hamming distance =0.41419
Iteration9: hamming distance =0.366
Iteration10: hamming distance =0.32093
Iteration11: hamming distance =0.2795
Iteration12: hamming distance =0.24194
Iteration13: hamming distance =0.2083
Iteration14: hamming distance =0.17849
Iteration15: hamming distance =0.1523
Iteration16: hamming distance =0.12946
Iteration17: hamming distance =0.10968
Iteration18: hamming distance =0.09264
Iteration19: hamming distance =0.07804
Iteration20: hamming distance =0.06557
Iteration21: hamming distance =0.05498
Iteration22: hamming distance =0.046
Iteration23: hamming distance =0.03842
Iteration24: hamming distance =0.03203
Iteration25: hamming distance =0.02666
Iteration26: hamming distance =0.02217
Iteration27: hamming distance =0.0184
Iteration28: hamming distance =0.01526
Iteration29: hamming distance =0.01264
Iteration30: hamming distance =0.01046
Iteration31: hamming distance =0.00865
Iteration32: hamming distance =0.00714
Iteration33: hamming distance =0.00589
Iteration34: hamming distance =0.00486
Iteration35: hamming distance =0.00401
Iteration36: hamming distance =0.0033
Iteration37: hamming distance =0.00272
Iteration38: hamming distance =0.00224
Iteration39: hamming distance =0.00184
Iteration40: hamming distance =0.00151
Iteration41: hamming distance =0.00124
Iteration42: hamming distance =0.00102
Iteration43: hamming distance =0.00084
Successfully ran PANDA on 19750 Genes and 695 TFs.
Time elapsed:2631.92seconds.
Warning messages:
1: In cor(t(expr), method = cor.method, use = "pairwise.complete.obs") :
  the standard deviation is zero
2: In panda(expr = expression, ppi = ppi, motif = motif, progress = TRUE,  :
  Duplicate edges have been found in the motif data. Weights will be summed.
