Loading required package: igraph

Attaching package: 'igraph'

The following objects are masked from 'package:stats':

    decompose, spectrum

The following object is masked from 'package:base':

    union

Loading required package: reticulate
Loading required package: pandaR
Loading required package: Biobase
Loading required package: BiocGenerics

Attaching package: 'BiocGenerics'

The following objects are masked from 'package:igraph':

    normalize, path, union

The following objects are masked from 'package:stats':

    IQR, mad, sd, var, xtabs

The following objects are masked from 'package:base':

    Filter, Find, Map, Position, Reduce, anyDuplicated, aperm, append,
    as.data.frame, basename, cbind, colnames, dirname, do.call,
    duplicated, eval, evalq, get, grep, grepl, intersect, is.unsorted,
    lapply, mapply, match, mget, order, paste, pmax, pmax.int, pmin,
    pmin.int, rank, rbind, rownames, sapply, setdiff, sort, table,
    tapply, union, unique, unsplit, which.max, which.min

Welcome to Bioconductor

    Vignettes contain introductory material; view with
    'browseVignettes()'. To cite Bioconductor, see
    'citation("Biobase")', and for packages 'citation("pkgname")'.

Loading required package: yarn
Setting options('download.file.method.GEOquery'='auto')
Setting options('GEOquery.inmemory.gpl'=FALSE)
Loading required package: matrixcalc

Attaching package: 'matrixcalc'

The following object is masked from 'package:igraph':

    %s%



Iteration0: hamming distance =5.10382
Iteration1: hamming distance =1.11772
Iteration2: hamming distance =0.96212
Iteration3: hamming distance =0.89102
Iteration4: hamming distance =0.82909
Iteration5: hamming distance =0.76516
Iteration6: hamming distance =0.69843
Iteration7: hamming distance =0.6305
Iteration8: hamming distance =0.56338
Iteration9: hamming distance =0.49878
Iteration10: hamming distance =0.43799
Iteration11: hamming distance =0.38186
Iteration12: hamming distance =0.33082
Iteration13: hamming distance =0.28501
Iteration14: hamming distance =0.24435
Iteration15: hamming distance =0.20858
Iteration16: hamming distance =0.17736
Iteration17: hamming distance =0.15029
Iteration18: hamming distance =0.12697
Iteration19: hamming distance =0.10696
Iteration20: hamming distance =0.08988
Iteration21: hamming distance =0.07536
Iteration22: hamming distance =0.06306
Iteration23: hamming distance =0.05266
Iteration24: hamming distance =0.04391
Iteration25: hamming distance =0.03655
Iteration26: hamming distance =0.03038
Iteration27: hamming distance =0.02522
Iteration28: hamming distance =0.02091
Iteration29: hamming distance =0.01732
Iteration30: hamming distance =0.01433
Iteration31: hamming distance =0.01184
Iteration32: hamming distance =0.00978
Iteration33: hamming distance =0.00807
Iteration34: hamming distance =0.00666
Iteration35: hamming distance =0.00549
Iteration36: hamming distance =0.00452
Iteration37: hamming distance =0.00372
Iteration38: hamming distance =0.00306
Iteration39: hamming distance =0.00252
Iteration40: hamming distance =0.00207
Iteration41: hamming distance =0.0017
Iteration42: hamming distance =0.0014
Iteration43: hamming distance =0.00115
Iteration44: hamming distance =0.00094
Successfully ran PANDA on 19750 Genes and 695 TFs.
Time elapsed:2511.76seconds.
Warning messages:
1: In cor(t(expr), method = cor.method, use = "pairwise.complete.obs") :
  the standard deviation is zero
2: In panda(expr = expression, ppi = ppi, motif = motif, progress = TRUE,  :
  Duplicate edges have been found in the motif data. Weights will be summed.
