Loading required package: igraph

Attaching package: 'igraph'

The following objects are masked from 'package:stats':

    decompose, spectrum

The following object is masked from 'package:base':

    union

Loading required package: reticulate
Loading required package: pandaR
Loading required package: Biobase
Loading required package: BiocGenerics

Attaching package: 'BiocGenerics'

The following objects are masked from 'package:igraph':

    normalize, path, union

The following objects are masked from 'package:stats':

    IQR, mad, sd, var, xtabs

The following objects are masked from 'package:base':

    Filter, Find, Map, Position, Reduce, anyDuplicated, aperm, append,
    as.data.frame, basename, cbind, colnames, dirname, do.call,
    duplicated, eval, evalq, get, grep, grepl, intersect, is.unsorted,
    lapply, mapply, match, mget, order, paste, pmax, pmax.int, pmin,
    pmin.int, rank, rbind, rownames, sapply, setdiff, sort, table,
    tapply, union, unique, unsplit, which.max, which.min

Welcome to Bioconductor

    Vignettes contain introductory material; view with
    'browseVignettes()'. To cite Bioconductor, see
    'citation("Biobase")', and for packages 'citation("pkgname")'.

Loading required package: yarn
Setting options('download.file.method.GEOquery'='auto')
Setting options('GEOquery.inmemory.gpl'=FALSE)
Loading required package: matrixcalc

Attaching package: 'matrixcalc'

The following object is masked from 'package:igraph':

    %s%



Iteration0: hamming distance =4.53253
Iteration1: hamming distance =1.02413
Iteration2: hamming distance =0.86444
Iteration3: hamming distance =0.79545
Iteration4: hamming distance =0.73797
Iteration5: hamming distance =0.67995
Iteration6: hamming distance =0.62
Iteration7: hamming distance =0.5593
Iteration8: hamming distance =0.49949
Iteration9: hamming distance =0.44203
Iteration10: hamming distance =0.38803
Iteration11: hamming distance =0.33821
Iteration12: hamming distance =0.29294
Iteration13: hamming distance =0.25234
Iteration14: hamming distance =0.21631
Iteration15: hamming distance =0.18462
Iteration16: hamming distance =0.15698
Iteration17: hamming distance =0.13302
Iteration18: hamming distance =0.11237
Iteration19: hamming distance =0.09467
Iteration20: hamming distance =0.07955
Iteration21: hamming distance =0.0667
Iteration22: hamming distance =0.05581
Iteration23: hamming distance =0.04661
Iteration24: hamming distance =0.03886
Iteration25: hamming distance =0.03235
Iteration26: hamming distance =0.02689
Iteration27: hamming distance =0.02233
Iteration28: hamming distance =0.01851
Iteration29: hamming distance =0.01533
Iteration30: hamming distance =0.01269
Iteration31: hamming distance =0.01049
Iteration32: hamming distance =0.00866
Iteration33: hamming distance =0.00715
Iteration34: hamming distance =0.0059
Iteration35: hamming distance =0.00486
Iteration36: hamming distance =0.004
Iteration37: hamming distance =0.0033
Iteration38: hamming distance =0.00271
Iteration39: hamming distance =0.00223
Iteration40: hamming distance =0.00183
Iteration41: hamming distance =0.00151
Iteration42: hamming distance =0.00124
Iteration43: hamming distance =0.00102
Iteration44: hamming distance =0.00083
Successfully ran PANDA on 19750 Genes and 695 TFs.
Time elapsed:2419.13seconds.
Warning messages:
1: In cor(t(expr), method = cor.method, use = "pairwise.complete.obs") :
  the standard deviation is zero
2: In panda(expr = expression, ppi = ppi, motif = motif, progress = TRUE,  :
  Duplicate edges have been found in the motif data. Weights will be summed.
