Loading required package: igraph

Attaching package: 'igraph'

The following objects are masked from 'package:stats':

    decompose, spectrum

The following object is masked from 'package:base':

    union

Loading required package: reticulate
Loading required package: pandaR
Loading required package: Biobase
Loading required package: BiocGenerics

Attaching package: 'BiocGenerics'

The following objects are masked from 'package:igraph':

    normalize, path, union

The following objects are masked from 'package:stats':

    IQR, mad, sd, var, xtabs

The following objects are masked from 'package:base':

    Filter, Find, Map, Position, Reduce, anyDuplicated, aperm, append,
    as.data.frame, basename, cbind, colnames, dirname, do.call,
    duplicated, eval, evalq, get, grep, grepl, intersect, is.unsorted,
    lapply, mapply, match, mget, order, paste, pmax, pmax.int, pmin,
    pmin.int, rank, rbind, rownames, sapply, setdiff, sort, table,
    tapply, union, unique, unsplit, which.max, which.min

Welcome to Bioconductor

    Vignettes contain introductory material; view with
    'browseVignettes()'. To cite Bioconductor, see
    'citation("Biobase")', and for packages 'citation("pkgname")'.

Loading required package: yarn
Setting options('download.file.method.GEOquery'='auto')
Setting options('GEOquery.inmemory.gpl'=FALSE)
Loading required package: matrixcalc

Attaching package: 'matrixcalc'

The following object is masked from 'package:igraph':

    %s%



Iteration0: hamming distance =2.42908
Iteration1: hamming distance =0.71837
Iteration2: hamming distance =0.52863
Iteration3: hamming distance =0.45448
Iteration4: hamming distance =0.40725
Iteration5: hamming distance =0.36823
Iteration6: hamming distance =0.33223
Iteration7: hamming distance =0.29788
Iteration8: hamming distance =0.2651
Iteration9: hamming distance =0.23415
Iteration10: hamming distance =0.20534
Iteration11: hamming distance =0.1789
Iteration12: hamming distance =0.15494
Iteration13: hamming distance =0.13348
Iteration14: hamming distance =0.11444
Iteration15: hamming distance =0.09771
Iteration16: hamming distance =0.08311
Iteration17: hamming distance =0.07045
Iteration18: hamming distance =0.05954
Iteration19: hamming distance =0.05018
Iteration20: hamming distance =0.04218
Iteration21: hamming distance =0.03538
Iteration22: hamming distance =0.02962
Iteration23: hamming distance =0.02474
Iteration24: hamming distance =0.02064
Iteration25: hamming distance =0.01719
Iteration26: hamming distance =0.01429
Iteration27: hamming distance =0.01187
Iteration28: hamming distance =0.00984
Iteration29: hamming distance =0.00815
Iteration30: hamming distance =0.00675
Iteration31: hamming distance =0.00558
Iteration32: hamming distance =0.00461
Iteration33: hamming distance =0.00381
Iteration34: hamming distance =0.00314
Iteration35: hamming distance =0.00259
Iteration36: hamming distance =0.00213
Iteration37: hamming distance =0.00176
Iteration38: hamming distance =0.00144
Iteration39: hamming distance =0.00119
Iteration40: hamming distance =0.00098
Successfully ran PANDA on 19750 Genes and 695 TFs.
Time elapsed:2452.94seconds.
Warning messages:
1: In cor(t(expr), method = cor.method, use = "pairwise.complete.obs") :
  the standard deviation is zero
2: In panda(expr = expression, ppi = ppi, motif = motif, progress = TRUE,  :
  Duplicate edges have been found in the motif data. Weights will be summed.
