Loading required package: igraph

Attaching package: 'igraph'

The following objects are masked from 'package:stats':

    decompose, spectrum

The following object is masked from 'package:base':

    union

Loading required package: reticulate
Loading required package: pandaR
Loading required package: Biobase
Loading required package: BiocGenerics

Attaching package: 'BiocGenerics'

The following objects are masked from 'package:igraph':

    normalize, path, union

The following objects are masked from 'package:stats':

    IQR, mad, sd, var, xtabs

The following objects are masked from 'package:base':

    Filter, Find, Map, Position, Reduce, anyDuplicated, aperm, append,
    as.data.frame, basename, cbind, colnames, dirname, do.call,
    duplicated, eval, evalq, get, grep, grepl, intersect, is.unsorted,
    lapply, mapply, match, mget, order, paste, pmax, pmax.int, pmin,
    pmin.int, rank, rbind, rownames, sapply, setdiff, sort, table,
    tapply, union, unique, unsplit, which.max, which.min

Welcome to Bioconductor

    Vignettes contain introductory material; view with
    'browseVignettes()'. To cite Bioconductor, see
    'citation("Biobase")', and for packages 'citation("pkgname")'.

Loading required package: yarn
Setting options('download.file.method.GEOquery'='auto')
Setting options('GEOquery.inmemory.gpl'=FALSE)
Loading required package: matrixcalc

Attaching package: 'matrixcalc'

The following object is masked from 'package:igraph':

    %s%



Iteration0: hamming distance =4.51698
Iteration1: hamming distance =1.04885
Iteration2: hamming distance =0.87256
Iteration3: hamming distance =0.79837
Iteration4: hamming distance =0.73867
Iteration5: hamming distance =0.67963
Iteration6: hamming distance =0.61922
Iteration7: hamming distance =0.55834
Iteration8: hamming distance =0.4985
Iteration9: hamming distance =0.44108
Iteration10: hamming distance =0.38716
Iteration11: hamming distance =0.33744
Iteration12: hamming distance =0.29228
Iteration13: hamming distance =0.25177
Iteration14: hamming distance =0.21582
Iteration15: hamming distance =0.18422
Iteration16: hamming distance =0.15664
Iteration17: hamming distance =0.13274
Iteration18: hamming distance =0.11214
Iteration19: hamming distance =0.09447
Iteration20: hamming distance =0.07939
Iteration21: hamming distance =0.06657
Iteration22: hamming distance =0.0557
Iteration23: hamming distance =0.04652
Iteration24: hamming distance =0.03879
Iteration25: hamming distance =0.03229
Iteration26: hamming distance =0.02684
Iteration27: hamming distance =0.02229
Iteration28: hamming distance =0.01848
Iteration29: hamming distance =0.01531
Iteration30: hamming distance =0.01266
Iteration31: hamming distance =0.01047
Iteration32: hamming distance =0.00865
Iteration33: hamming distance =0.00714
Iteration34: hamming distance =0.00589
Iteration35: hamming distance =0.00485
Iteration36: hamming distance =0.004
Iteration37: hamming distance =0.00329
Iteration38: hamming distance =0.00271
Iteration39: hamming distance =0.00223
Iteration40: hamming distance =0.00183
Iteration41: hamming distance =0.0015
Iteration42: hamming distance =0.00124
Iteration43: hamming distance =0.00101
Iteration44: hamming distance =0.00083
Successfully ran PANDA on 19750 Genes and 695 TFs.
Time elapsed:2565.97seconds.
Warning messages:
1: In cor(t(expr), method = cor.method, use = "pairwise.complete.obs") :
  the standard deviation is zero
2: In panda(expr = expression, ppi = ppi, motif = motif, progress = TRUE,  :
  Duplicate edges have been found in the motif data. Weights will be summed.
