Loading required package: igraph

Attaching package: 'igraph'

The following objects are masked from 'package:stats':

    decompose, spectrum

The following object is masked from 'package:base':

    union

Loading required package: reticulate
Loading required package: pandaR
Loading required package: Biobase
Loading required package: BiocGenerics

Attaching package: 'BiocGenerics'

The following objects are masked from 'package:igraph':

    normalize, path, union

The following objects are masked from 'package:stats':

    IQR, mad, sd, var, xtabs

The following objects are masked from 'package:base':

    Filter, Find, Map, Position, Reduce, anyDuplicated, aperm, append,
    as.data.frame, basename, cbind, colnames, dirname, do.call,
    duplicated, eval, evalq, get, grep, grepl, intersect, is.unsorted,
    lapply, mapply, match, mget, order, paste, pmax, pmax.int, pmin,
    pmin.int, rank, rbind, rownames, sapply, setdiff, sort, table,
    tapply, union, unique, unsplit, which.max, which.min

Welcome to Bioconductor

    Vignettes contain introductory material; view with
    'browseVignettes()'. To cite Bioconductor, see
    'citation("Biobase")', and for packages 'citation("pkgname")'.

Loading required package: yarn
Setting options('download.file.method.GEOquery'='auto')
Setting options('GEOquery.inmemory.gpl'=FALSE)
Loading required package: matrixcalc

Attaching package: 'matrixcalc'

The following object is masked from 'package:igraph':

    %s%



Iteration0: hamming distance =3.76147
Iteration1: hamming distance =0.90759
Iteration2: hamming distance =0.7404
Iteration3: hamming distance =0.67276
Iteration4: hamming distance =0.62096
Iteration5: hamming distance =0.57093
Iteration6: hamming distance =0.5202
Iteration7: hamming distance =0.46922
Iteration8: hamming distance =0.41912
Iteration9: hamming distance =0.37103
Iteration10: hamming distance =0.32583
Iteration11: hamming distance =0.28411
Iteration12: hamming distance =0.24618
Iteration13: hamming distance =0.21214
Iteration14: hamming distance =0.18191
Iteration15: hamming distance =0.15531
Iteration16: hamming distance =0.1321
Iteration17: hamming distance =0.11196
Iteration18: hamming distance =0.09461
Iteration19: hamming distance =0.07972
Iteration20: hamming distance =0.06701
Iteration21: hamming distance =0.0562
Iteration22: hamming distance =0.04704
Iteration23: hamming distance =0.03929
Iteration24: hamming distance =0.03277
Iteration25: hamming distance =0.02728
Iteration26: hamming distance =0.02268
Iteration27: hamming distance =0.01883
Iteration28: hamming distance =0.01562
Iteration29: hamming distance =0.01294
Iteration30: hamming distance =0.01071
Iteration31: hamming distance =0.00885
Iteration32: hamming distance =0.00731
Iteration33: hamming distance =0.00604
Iteration34: hamming distance =0.00498
Iteration35: hamming distance =0.0041
Iteration36: hamming distance =0.00338
Iteration37: hamming distance =0.00278
Iteration38: hamming distance =0.00229
Iteration39: hamming distance =0.00188
Iteration40: hamming distance =0.00155
Iteration41: hamming distance =0.00127
Iteration42: hamming distance =0.00105
Iteration43: hamming distance =0.00086
Successfully ran PANDA on 19750 Genes and 695 TFs.
Time elapsed:2607.91seconds.
Warning messages:
1: In cor(t(expr), method = cor.method, use = "pairwise.complete.obs") :
  the standard deviation is zero
2: In panda(expr = expression, ppi = ppi, motif = motif, progress = TRUE,  :
  Duplicate edges have been found in the motif data. Weights will be summed.
