Loading required package: igraph

Attaching package: 'igraph'

The following objects are masked from 'package:stats':

    decompose, spectrum

The following object is masked from 'package:base':

    union

Loading required package: reticulate
Loading required package: pandaR
Loading required package: Biobase
Loading required package: BiocGenerics

Attaching package: 'BiocGenerics'

The following objects are masked from 'package:igraph':

    normalize, path, union

The following objects are masked from 'package:stats':

    IQR, mad, sd, var, xtabs

The following objects are masked from 'package:base':

    Filter, Find, Map, Position, Reduce, anyDuplicated, aperm, append,
    as.data.frame, basename, cbind, colnames, dirname, do.call,
    duplicated, eval, evalq, get, grep, grepl, intersect, is.unsorted,
    lapply, mapply, match, mget, order, paste, pmax, pmax.int, pmin,
    pmin.int, rank, rbind, rownames, sapply, setdiff, sort, table,
    tapply, union, unique, unsplit, which.max, which.min

Welcome to Bioconductor

    Vignettes contain introductory material; view with
    'browseVignettes()'. To cite Bioconductor, see
    'citation("Biobase")', and for packages 'citation("pkgname")'.

Loading required package: yarn
Setting options('download.file.method.GEOquery'='auto')
Setting options('GEOquery.inmemory.gpl'=FALSE)
Loading required package: matrixcalc

Attaching package: 'matrixcalc'

The following object is masked from 'package:igraph':

    %s%



Iteration0: hamming distance =4.5346
Iteration1: hamming distance =1.04924
Iteration2: hamming distance =0.88364
Iteration3: hamming distance =0.81255
Iteration4: hamming distance =0.75395
Iteration5: hamming distance =0.69499
Iteration6: hamming distance =0.63407
Iteration7: hamming distance =0.57233
Iteration8: hamming distance =0.51141
Iteration9: hamming distance =0.45281
Iteration10: hamming distance =0.39769
Iteration11: hamming distance =0.34678
Iteration12: hamming distance =0.30049
Iteration13: hamming distance =0.25893
Iteration14: hamming distance =0.22203
Iteration15: hamming distance =0.18956
Iteration16: hamming distance =0.16122
Iteration17: hamming distance =0.13664
Iteration18: hamming distance =0.11546
Iteration19: hamming distance =0.09728
Iteration20: hamming distance =0.08177
Iteration21: hamming distance =0.06857
Iteration22: hamming distance =0.05738
Iteration23: hamming distance =0.04793
Iteration24: hamming distance =0.03996
Iteration25: hamming distance =0.03327
Iteration26: hamming distance =0.02766
Iteration27: hamming distance =0.02296
Iteration28: hamming distance =0.01904
Iteration29: hamming distance =0.01577
Iteration30: hamming distance =0.01305
Iteration31: hamming distance =0.01079
Iteration32: hamming distance =0.00891
Iteration33: hamming distance =0.00736
Iteration34: hamming distance =0.00607
Iteration35: hamming distance =0.005
Iteration36: hamming distance =0.00412
Iteration37: hamming distance =0.00339
Iteration38: hamming distance =0.00279
Iteration39: hamming distance =0.00229
Iteration40: hamming distance =0.00189
Iteration41: hamming distance =0.00155
Iteration42: hamming distance =0.00127
Iteration43: hamming distance =0.00105
Iteration44: hamming distance =0.00086
Successfully ran PANDA on 19750 Genes and 695 TFs.
Time elapsed:2661.71seconds.
Warning messages:
1: In cor(t(expr), method = cor.method, use = "pairwise.complete.obs") :
  the standard deviation is zero
2: In panda(expr = expression, ppi = ppi, motif = motif, progress = TRUE,  :
  Duplicate edges have been found in the motif data. Weights will be summed.
