Loading required package: igraph

Attaching package: 'igraph'

The following objects are masked from 'package:stats':

    decompose, spectrum

The following object is masked from 'package:base':

    union

Loading required package: reticulate
Loading required package: pandaR
Loading required package: Biobase
Loading required package: BiocGenerics

Attaching package: 'BiocGenerics'

The following objects are masked from 'package:igraph':

    normalize, path, union

The following objects are masked from 'package:stats':

    IQR, mad, sd, var, xtabs

The following objects are masked from 'package:base':

    Filter, Find, Map, Position, Reduce, anyDuplicated, aperm, append,
    as.data.frame, basename, cbind, colnames, dirname, do.call,
    duplicated, eval, evalq, get, grep, grepl, intersect, is.unsorted,
    lapply, mapply, match, mget, order, paste, pmax, pmax.int, pmin,
    pmin.int, rank, rbind, rownames, sapply, setdiff, sort, table,
    tapply, union, unique, unsplit, which.max, which.min

Welcome to Bioconductor

    Vignettes contain introductory material; view with
    'browseVignettes()'. To cite Bioconductor, see
    'citation("Biobase")', and for packages 'citation("pkgname")'.

Loading required package: yarn
Setting options('download.file.method.GEOquery'='auto')
Setting options('GEOquery.inmemory.gpl'=FALSE)
Loading required package: matrixcalc

Attaching package: 'matrixcalc'

The following object is masked from 'package:igraph':

    %s%



Iteration0: hamming distance =3.78921
Iteration1: hamming distance =0.952
Iteration2: hamming distance =0.73645
Iteration3: hamming distance =0.65453
Iteration4: hamming distance =0.59692
Iteration5: hamming distance =0.54471
Iteration6: hamming distance =0.49374
Iteration7: hamming distance =0.44366
Iteration8: hamming distance =0.39513
Iteration9: hamming distance =0.34899
Iteration10: hamming distance =0.30591
Iteration11: hamming distance =0.26634
Iteration12: hamming distance =0.23049
Iteration13: hamming distance =0.19842
Iteration14: hamming distance =0.17
Iteration15: hamming distance =0.14504
Iteration16: hamming distance =0.12328
Iteration17: hamming distance =0.10444
Iteration18: hamming distance =0.08821
Iteration19: hamming distance =0.07431
Iteration20: hamming distance =0.06244
Iteration21: hamming distance =0.05235
Iteration22: hamming distance =0.0438
Iteration23: hamming distance =0.03658
Iteration24: hamming distance =0.0305
Iteration25: hamming distance =0.02539
Iteration26: hamming distance =0.02111
Iteration27: hamming distance =0.01752
Iteration28: hamming distance =0.01453
Iteration29: hamming distance =0.01204
Iteration30: hamming distance =0.00996
Iteration31: hamming distance =0.00823
Iteration32: hamming distance =0.0068
Iteration33: hamming distance =0.00561
Iteration34: hamming distance =0.00463
Iteration35: hamming distance =0.00382
Iteration36: hamming distance =0.00314
Iteration37: hamming distance =0.00259
Iteration38: hamming distance =0.00213
Iteration39: hamming distance =0.00175
Iteration40: hamming distance =0.00144
Iteration41: hamming distance =0.00118
Iteration42: hamming distance =0.00097
Successfully ran PANDA on 19750 Genes and 695 TFs.
Time elapsed:2424.83seconds.
Warning messages:
1: In cor(t(expr), method = cor.method, use = "pairwise.complete.obs") :
  the standard deviation is zero
2: In panda(expr = expression, ppi = ppi, motif = motif, progress = TRUE,  :
  Duplicate edges have been found in the motif data. Weights will be summed.
